[debug] [2021-03-16T21:20:38.337Z] ----------------------------------------------------------------------
[debug] [2021-03-16T21:20:38.339Z] Command:       C:\Program Files\nodejs\node.exe C:\Users\Lucero Auris\AppData\Roaming\npm\node_modules\firebase-tools\lib\bin\firebase.js init
[debug] [2021-03-16T21:20:38.339Z] CLI Version:   9.6.1
[debug] [2021-03-16T21:20:38.339Z] Platform:      win32
[debug] [2021-03-16T21:20:38.339Z] Node Version:  v12.18.2
[debug] [2021-03-16T21:20:38.341Z] Time:          Tue Mar 16 2021 16:20:38 GMT-0500 (GMT-05:00)
[debug] [2021-03-16T21:20:38.341Z] ----------------------------------------------------------------------
[debug] [2021-03-16T21:20:38.341Z] 
[debug] [2021-03-16T21:20:38.350Z] > command requires scopes: ["email","openid","https://www.googleapis.com/auth/cloudplatformprojects.readonly","https://www.googleapis.com/auth/firebase","https://www.googleapis.com/auth/cloud-platform"]
[debug] [2021-03-16T21:20:38.351Z] > authorizing via signed-in user
[info] 
     ######## #### ########  ######## ########     ###     ######  ########
     ##        ##  ##     ## ##       ##     ##  ##   ##  ##       ##
     ######    ##  ########  ######   ########  #########  ######  ######
     ##        ##  ##    ##  ##       ##     ## ##     ##       ## ##
     ##       #### ##     ## ######## ########  ##     ##  ######  ########

You're about to initialize a Firebase project in this directory:

  C:\miprimerproyecto\gameoftheyear\GOTY

Before we get started, keep in mind:

  * You are currently outside your home directory
  * You are initializing in an existing Firebase project directory

[info] 
=== Project Setup
[info] 
[info] First, let's associate this project directory with a Firebase project.
[info] You can create multiple project aliases by running firebase use --add, 
[info] but for now we'll just set up a default project.
[info] 
[info] i  .firebaserc already has a default project, using firestore-grafica-44390. 
[debug] [2021-03-16T21:21:08.534Z] > refreshing access token with scopes: []
[debug] [2021-03-16T21:21:08.534Z] >>> HTTP REQUEST POST https://www.googleapis.com/oauth2/v3/token  
 <request body omitted>
[debug] [2021-03-16T21:21:09.334Z] <<< HTTP RESPONSE 200 {"expires":"Mon, 01 Jan 1990 00:00:00 GMT","date":"Tue, 16 Mar 2021 21:21:09 GMT","pragma":"no-cache","cache-control":"no-cache, no-store, max-age=0, must-revalidate","content-type":"application/json; charset=utf-8","vary":"X-Origin, Referer, Origin,Accept-Encoding","server":"scaffolding on HTTPServer2","x-xss-protection":"0","x-frame-options":"SAMEORIGIN","x-content-type-options":"nosniff","alt-svc":"h3-29=\":443\"; ma=2592000,h3-T051=\":443\"; ma=2592000,h3-Q050=\":443\"; ma=2592000,h3-Q046=\":443\"; ma=2592000,h3-Q043=\":443\"; ma=2592000,quic=\":443\"; ma=2592000; v=\"46,43\"","accept-ranges":"none","transfer-encoding":"chunked"}
[debug] [2021-03-16T21:21:09.345Z] >>> [apiv2][query] GET https://firebase.googleapis.com/v1beta1/projects/firestore-grafica-44390 [none]
[debug] [2021-03-16T21:21:10.360Z] <<< [apiv2][status] GET https://firebase.googleapis.com/v1beta1/projects/firestore-grafica-44390 200
[debug] [2021-03-16T21:21:10.361Z] <<< [apiv2][body] GET https://firebase.googleapis.com/v1beta1/projects/firestore-grafica-44390 {"projectId":"firestore-grafica-44390","projectNumber":"263437014819","displayName":"firestore-grafica","name":"projects/firestore-grafica-44390","resources":{"hostingSite":"firestore-grafica-44390","storageBucket":"firestore-grafica-44390.appspot.com","locationId":"us-central"},"state":"ACTIVE"}
[info] 
=== Hosting Setup
[info] 
[info] Your public directory is the folder (relative to your project directory) that
[info] will contain Hosting assets to be uploaded with firebase deploy. If you
[info] have a build process for your assets, use your build's output directory.
[info] 
[debug] [2021-03-16T21:22:40.334Z] ----------------------------------------------------------------------
[debug] [2021-03-16T21:22:40.337Z] Command:       C:\Program Files\nodejs\node.exe C:\Users\Lucero Auris\AppData\Roaming\npm\node_modules\firebase-tools\lib\bin\firebase.js init hosting
[debug] [2021-03-16T21:22:40.337Z] CLI Version:   9.6.1
[debug] [2021-03-16T21:22:40.337Z] Platform:      win32
[debug] [2021-03-16T21:22:40.337Z] Node Version:  v12.18.2
[debug] [2021-03-16T21:22:40.340Z] Time:          Tue Mar 16 2021 16:22:40 GMT-0500 (GMT-05:00)
[debug] [2021-03-16T21:22:40.340Z] ----------------------------------------------------------------------
[debug] [2021-03-16T21:22:40.340Z] 
[debug] [2021-03-16T21:22:40.356Z] > command requires scopes: ["email","openid","https://www.googleapis.com/auth/cloudplatformprojects.readonly","https://www.googleapis.com/auth/firebase","https://www.googleapis.com/auth/cloud-platform"]
[debug] [2021-03-16T21:22:40.357Z] > authorizing via signed-in user
[info] 
     ######## #### ########  ######## ########     ###     ######  ########
     ##        ##  ##     ## ##       ##     ##  ##   ##  ##       ##
     ######    ##  ########  ######   ########  #########  ######  ######
     ##        ##  ##    ##  ##       ##     ## ##     ##       ## ##
     ##       #### ##     ## ######## ########  ##     ##  ######  ########

You're about to initialize a Firebase project in this directory:

  C:\miprimerproyecto\gameoftheyear\GOTY

Before we get started, keep in mind:

  * You are currently outside your home directory
  * You are initializing in an existing Firebase project directory

[info] 
=== Project Setup
[info] 
[info] First, let's associate this project directory with a Firebase project.
[info] You can create multiple project aliases by running firebase use --add, 
[info] but for now we'll just set up a default project.
[info] 
[info] i  .firebaserc already has a default project, using firestore-grafica-44390. 
[debug] [2021-03-16T21:22:45.482Z] >>> [apiv2][query] GET https://firebase.googleapis.com/v1beta1/projects/firestore-grafica-44390 [none]
[debug] [2021-03-16T21:22:45.925Z] <<< [apiv2][status] GET https://firebase.googleapis.com/v1beta1/projects/firestore-grafica-44390 200
[debug] [2021-03-16T21:22:45.925Z] <<< [apiv2][body] GET https://firebase.googleapis.com/v1beta1/projects/firestore-grafica-44390 {"projectId":"firestore-grafica-44390","projectNumber":"263437014819","displayName":"firestore-grafica","name":"projects/firestore-grafica-44390","resources":{"hostingSite":"firestore-grafica-44390","storageBucket":"firestore-grafica-44390.appspot.com","locationId":"us-central"},"state":"ACTIVE"}
[info] 
=== Hosting Setup
[info] 
[info] Your public directory is the folder (relative to your project directory) that
[info] will contain Hosting assets to be uploaded with firebase deploy. If you
[info] have a build process for your assets, use your build's output directory.
[info] 
[debug] [2021-03-16T21:24:12.529Z] ----------------------------------------------------------------------
[debug] [2021-03-16T21:24:12.531Z] Command:       C:\Program Files\nodejs\node.exe C:\Users\Lucero Auris\AppData\Roaming\npm\node_modules\firebase-tools\lib\bin\firebase.js init hosting
[debug] [2021-03-16T21:24:12.531Z] CLI Version:   9.6.1
[debug] [2021-03-16T21:24:12.531Z] Platform:      win32
[debug] [2021-03-16T21:24:12.532Z] Node Version:  v12.18.2
[debug] [2021-03-16T21:24:12.533Z] Time:          Tue Mar 16 2021 16:24:12 GMT-0500 (GMT-05:00)
[debug] [2021-03-16T21:24:12.533Z] ----------------------------------------------------------------------
[debug] [2021-03-16T21:24:12.533Z] 
[debug] [2021-03-16T21:24:12.540Z] > command requires scopes: ["email","openid","https://www.googleapis.com/auth/cloudplatformprojects.readonly","https://www.googleapis.com/auth/firebase","https://www.googleapis.com/auth/cloud-platform"]
[debug] [2021-03-16T21:24:12.540Z] > authorizing via signed-in user
[info] 
     ######## #### ########  ######## ########     ###     ######  ########
     ##        ##  ##     ## ##       ##     ##  ##   ##  ##       ##
     ######    ##  ########  ######   ########  #########  ######  ######
     ##        ##  ##    ##  ##       ##     ## ##     ##       ## ##
     ##       #### ##     ## ######## ########  ##     ##  ######  ########

You're about to initialize a Firebase project in this directory:

  C:\miprimerproyecto\gameoftheyear\GOTY

Before we get started, keep in mind:

  * You are currently outside your home directory
  * You are initializing in an existing Firebase project directory

[info] 
=== Project Setup
[info] 
[info] First, let's associate this project directory with a Firebase project.
[info] You can create multiple project aliases by running firebase use --add, 
[info] but for now we'll just set up a default project.
[info] 
[info] i  .firebaserc already has a default project, using firestore-grafica-44390. 
[debug] [2021-03-16T21:24:20.602Z] >>> [apiv2][query] GET https://firebase.googleapis.com/v1beta1/projects/firestore-grafica-44390 [none]
[debug] [2021-03-16T21:24:21.799Z] <<< [apiv2][status] GET https://firebase.googleapis.com/v1beta1/projects/firestore-grafica-44390 200
[debug] [2021-03-16T21:24:21.799Z] <<< [apiv2][body] GET https://firebase.googleapis.com/v1beta1/projects/firestore-grafica-44390 {"projectId":"firestore-grafica-44390","projectNumber":"263437014819","displayName":"firestore-grafica","name":"projects/firestore-grafica-44390","resources":{"hostingSite":"firestore-grafica-44390","storageBucket":"firestore-grafica-44390.appspot.com","locationId":"us-central"},"state":"ACTIVE"}
[info] 
=== Hosting Setup
[info] 
[info] Your public directory is the folder (relative to your project directory) that
[info] will contain Hosting assets to be uploaded with firebase deploy. If you
[info] have a build process for your assets, use your build's output directory.
[info] 
